{"/Users/nam.nguyen/devs/personal/algorithm_in_motion/src/01_binary_search/index.ts": {"path":"/Users/nam.nguyen/devs/personal/algorithm_in_motion/src/01_binary_search/index.ts","statementMap":{"0":{"start":{"line":1,"column":21},"end":{"line":18,"column":1}},"1":{"start":{"line":2,"column":12},"end":{"line":2,"column":13}},"2":{"start":{"line":3,"column":13},"end":{"line":3,"column":28}},"3":{"start":{"line":5,"column":2},"end":{"line":15,"column":3}},"4":{"start":{"line":6,"column":16},"end":{"line":6,"column":44}},"5":{"start":{"line":7,"column":18},"end":{"line":7,"column":27}},"6":{"start":{"line":8,"column":4},"end":{"line":14,"column":5}},"7":{"start":{"line":9,"column":6},"end":{"line":9,"column":16}},"8":{"start":{"line":10,"column":11},"end":{"line":14,"column":5}},"9":{"start":{"line":11,"column":6},"end":{"line":11,"column":20}},"10":{"start":{"line":13,"column":6},"end":{"line":13,"column":19}},"11":{"start":{"line":17,"column":2},"end":{"line":17,"column":11}}},"fnMap":{"0":{"name":"(anonymous_0)","decl":{"start":{"line":1,"column":21},"end":{"line":1,"column":22}},"loc":{"start":{"line":1,"column":47},"end":{"line":18,"column":1}},"line":1}},"branchMap":{"0":{"loc":{"start":{"line":8,"column":4},"end":{"line":14,"column":5}},"type":"if","locations":[{"start":{"line":8,"column":4},"end":{"line":14,"column":5}},{"start":{"line":8,"column":4},"end":{"line":14,"column":5}}],"line":8},"1":{"loc":{"start":{"line":10,"column":11},"end":{"line":14,"column":5}},"type":"if","locations":[{"start":{"line":10,"column":11},"end":{"line":14,"column":5}},{"start":{"line":10,"column":11},"end":{"line":14,"column":5}}],"line":10}},"s":{"0":1,"1":3,"2":3,"3":3,"4":6,"5":6,"6":6,"7":2,"8":4,"9":1,"10":3,"11":1},"f":{"0":3},"b":{"0":[2,4],"1":[1,3]},"_coverageSchema":"332fd63041d2c1bcb487cc26dd0d5f7d97098a6c","hash":"eafc7ff9f38fed28539a1a45e280e730ad66d638"}
}
